 {
  statusCode: 404,
  status:  'Fail',
  isOperational: true,
  level: 'error',
  message: 'Uncaught Exception: Rouut is not exits!',
  stack: 'Error: Rouut is not exits!\n' +
    '    at E:\\Fixed Tasks\\1- GoogleAuthLogging\\server\\src\\app.js:47:15\n' +
    '    at Layer.handle [as handle_request] (E:\\Fixed Tasks\\1- GoogleAuthLogging\\server\\node_modules\\express\\lib\\router\\layer.js:95:5)\n' +
    '    at next (E:\\Fixed Tasks\\1- GoogleAuthLogging\\server\\node_modules\\express\\lib\\router\\route.js:137:13)\n' +
    '    at next (E:\\Fixed Tasks\\1- GoogleAuthLogging\\server\\node_modules\\express\\lib\\router\\route.js:131:14)\n' +
    '    at next (E:\\Fixed Tasks\\1- GoogleAuthLogging\\server\\node_modules\\express\\lib\\router\\route.js:131:14)\n' +
    '    at next (E:\\Fixed Tasks\\1- GoogleAuthLogging\\server\\node_modules\\express\\lib\\router\\route.js:131:14)\n' +
    '    at next (E:\\Fixed Tasks\\1- GoogleAuthLogging\\server\\node_modules\\express\\lib\\router\\route.js:131:14)\n' +
    '    at next (E:\\Fixed Tasks\\1- GoogleAuthLogging\\server\\node_modules\\express\\lib\\router\\route.js:131:14)\n' +
    '    at next (E:\\Fixed Tasks\\1- GoogleAuthLogging\\server\\node_modules\\express\\lib\\router\\route.js:131:14)\n' +
    '    at Route.dispatch (E:\\Fixed Tasks\\1- GoogleAuthLogging\\server\\node_modules\\express\\lib\\router\\route.js:112:3)'
}
{
  statusCode: 404,
  status: 'Fail',
  isOperational: true,
  level: 'error',
  message: 'Uncaught Exception: Rouut is not exits!',
  stack: 'Error: Rouut is not exits!\n' +
    '    at E:\\Fixed Tasks\\1- GoogleAuthLogging\\server\\src\\app.js:47:15\n' +
    '    at Layer.handle [as handle_request] (E:\\Fixed Tasks\\1- GoogleAuthLogging\\server\\node_modules\\express\\lib\\router\\layer.js:95:5)\n' +
    '    at next (E:\\Fixed Tasks\\1- GoogleAuthLogging\\server\\node_modules\\express\\lib\\router\\route.js:137:13)\n' +
    '    at next (E:\\Fixed Tasks\\1- GoogleAuthLogging\\server\\node_modules\\express\\lib\\router\\route.js:131:14)\n' +
    '    at next (E:\\Fixed Tasks\\1- GoogleAuthLogging\\server\\node_modules\\express\\lib\\router\\route.js:131:14)\n' +
    '    at next (E:\\Fixed Tasks\\1- GoogleAuthLogging\\server\\node_modules\\express\\lib\\router\\route.js:131:14)\n' +
    '    at next (E:\\Fixed Tasks\\1- GoogleAuthLogging\\server\\node_modules\\express\\lib\\router\\route.js:131:14)\n' +
    '    at next (E:\\Fixed Tasks\\1- GoogleAuthLogging\\server\\node_modules\\express\\lib\\router\\route.js:131:14)\n' +
    '    at next (E:\\Fixed Tasks\\1- GoogleAuthLogging\\server\\node_modules\\express\\lib\\router\\route.js:131:14)\n' +
    '    at Route.dispatch (E:\\Fixed Tasks\\1- GoogleAuthLogging\\server\\node_modules\\express\\lib\\router\\route.js:112:3)'
}
{
  statusCode: 404,
  status: 'Fail',
  isOperational: true,
  level: 'error',
  message: 'Uncaught Exception: Rouut is not exits!',
  stack: 'Error: Rouut is not exits!\n' +
    '    at E:\\Fixed Tasks\\1- GoogleAuthLogging\\server\\src\\app.js:47:15\n' +
    '    at Layer.handle [as handle_request] (E:\\Fixed Tasks\\1- GoogleAuthLogging\\server\\node_modules\\express\\lib\\router\\layer.js:95:5)\n' +
    '    at next (E:\\Fixed Tasks\\1- GoogleAuthLogging\\server\\node_modules\\express\\lib\\router\\route.js:137:13)\n' +
    '    at next (E:\\Fixed Tasks\\1- GoogleAuthLogging\\server\\node_modules\\express\\lib\\router\\route.js:131:14)\n' +
    '    at next (E:\\Fixed Tasks\\1- GoogleAuthLogging\\server\\node_modules\\express\\lib\\router\\route.js:131:14)\n' +
    '    at next (E:\\Fixed Tasks\\1- GoogleAuthLogging\\server\\node_modules\\express\\lib\\router\\route.js:131:14)\n' +
    '    at next (E:\\Fixed Tasks\\1- GoogleAuthLogging\\server\\node_modules\\express\\lib\\router\\route.js:131:14)\n' +
    '    at next (E:\\Fixed Tasks\\1- GoogleAuthLogging\\server\\node_modules\\express\\lib\\router\\route.js:131:14)\n' +
    '    at next (E:\\Fixed Tasks\\1- GoogleAuthLogging\\server\\node_modules\\express\\lib\\router\\route.js:131:14)\n' +
    '    at Route.dispatch (E:\\Fixed Tasks\\1- GoogleAuthLogging\\server\\node_modules\\express\\lib\\router\\route.js:112:3)'
}
{
  statusCode: 404,
  status: 'Fail',
  isOperational: true,
  level: 'error',
  message: 'Uncaught Exception: Rouut is not exits!',
  stack: 'Error: Rouut is not exits!\n' +
    '    at E:\\Fixed Tasks\\1- GoogleAuthLogging\\server\\src\\app.js:47:15\n' +
    '    at Layer.handle [as handle_request] (E:\\Fixed Tasks\\1- GoogleAuthLogging\\server\\node_modules\\express\\lib\\router\\layer.js:95:5)\n' +
    '    at next (E:\\Fixed Tasks\\1- GoogleAuthLogging\\server\\node_modules\\express\\lib\\router\\route.js:137:13)\n' +
    '    at next (E:\\Fixed Tasks\\1- GoogleAuthLogging\\server\\node_modules\\express\\lib\\router\\route.js:131:14)\n' +
    '    at next (E:\\Fixed Tasks\\1- GoogleAuthLogging\\server\\node_modules\\express\\lib\\router\\route.js:131:14)\n' +
    '    at next (E:\\Fixed Tasks\\1- GoogleAuthLogging\\server\\node_modules\\express\\lib\\router\\route.js:131:14)\n' +
    '    at next (E:\\Fixed Tasks\\1- GoogleAuthLogging\\server\\node_modules\\express\\lib\\router\\route.js:131:14)\n' +
    '    at next (E:\\Fixed Tasks\\1- GoogleAuthLogging\\server\\node_modules\\express\\lib\\router\\route.js:131:14)\n' +
    '    at next (E:\\Fixed Tasks\\1- GoogleAuthLogging\\server\\node_modules\\express\\lib\\router\\route.js:131:14)\n' +
    '    at Route.dispatch (E:\\Fixed Tasks\\1- GoogleAuthLogging\\server\\node_modules\\express\\lib\\router\\route.js:112:3)'
}
{
  statusCode: 404,
  status: 'Fail',
  isOperational: true,
  level: 'error',
  message: 'Uncaught Exception: Rouut is not exits!',
  stack: 'Error: Rouut is not exits!\n' +
    '    at E:\\Fixed Tasks\\1- GoogleAuthLogging\\server\\src\\app.js:47:15\n' +
    '    at Layer.handle [as handle_request] (E:\\Fixed Tasks\\1- GoogleAuthLogging\\server\\node_modules\\express\\lib\\router\\layer.js:95:5)\n' +
    '    at next (E:\\Fixed Tasks\\1- GoogleAuthLogging\\server\\node_modules\\express\\lib\\router\\route.js:137:13)\n' +
    '    at next (E:\\Fixed Tasks\\1- GoogleAuthLogging\\server\\node_modules\\express\\lib\\router\\route.js:131:14)\n' +
    '    at next (E:\\Fixed Tasks\\1- GoogleAuthLogging\\server\\node_modules\\express\\lib\\router\\route.js:131:14)\n' +
    '    at next (E:\\Fixed Tasks\\1- GoogleAuthLogging\\server\\node_modules\\express\\lib\\router\\route.js:131:14)\n' +
    '    at next (E:\\Fixed Tasks\\1- GoogleAuthLogging\\server\\node_modules\\express\\lib\\router\\route.js:131:14)\n' +
    '    at next (E:\\Fixed Tasks\\1- GoogleAuthLogging\\server\\node_modules\\express\\lib\\router\\route.js:131:14)\n' +
    '    at next (E:\\Fixed Tasks\\1- GoogleAuthLogging\\server\\node_modules\\express\\lib\\router\\route.js:131:14)\n' +
    '    at Route.dispatch (E:\\Fixed Tasks\\1- GoogleAuthLogging\\server\\node_modules\\express\\lib\\router\\route.js:112:3)'
}
{
  statusCode: 401,
  status: 'Fail',
  isOperational: true,
  level: 'error',
  message: 'Uncaught Exception: Please sing in ',
  stack: 'Error: Please sing in \n' +
    '    at checkLoggedIn (E:\\Fixed Tasks\\1- GoogleAuthLogging\\server\\src\\middleware\\auth.js:27:17)\n' +
    '    at Layer.handle [as handle_request] (E:\\Fixed Tasks\\1- GoogleAuthLogging\\server\\node_modules\\express\\lib\\router\\layer.js:95:5)\n' +
    '    at next (E:\\Fixed Tasks\\1- GoogleAuthLogging\\server\\node_modules\\express\\lib\\router\\route.js:137:13)\n' +
    '    at Route.dispatch (E:\\Fixed Tasks\\1- GoogleAuthLogging\\server\\node_modules\\express\\lib\\router\\route.js:112:3)\n' +
    '    at Layer.handle [as handle_request] (E:\\Fixed Tasks\\1- GoogleAuthLogging\\server\\node_modules\\express\\lib\\router\\layer.js:95:5)\n' +
    '    at E:\\Fixed Tasks\\1- GoogleAuthLogging\\server\\node_modules\\express\\lib\\router\\index.js:281:22\n' +
    '    at Function.process_params (E:\\Fixed Tasks\\1- GoogleAuthLogging\\server\\node_modules\\express\\lib\\router\\index.js:335:12)\n' +
    '    at next (E:\\Fixed Tasks\\1- GoogleAuthLogging\\server\\node_modules\\express\\lib\\router\\index.js:275:10)\n' +
    '    at strategy.pass (E:\\Fixed Tasks\\1- GoogleAuthLogging\\server\\node_modules\\passport\\lib\\middleware\\authenticate.js:343:9)\n' +
    '    at SessionStrategy.authenticate (E:\\Fixed Tasks\\1- GoogleAuthLogging\\server\\node_modules\\passport\\lib\\strategies\\session.js:75:10)'
}
